<?xml version="1.0" encoding="UTF-8"?>
<testng-results skipped="0" failed="0" total="1" passed="1">
  <reporter-output>
  </reporter-output>
  <suite name="Default suite" duration-ms="15902" started-at="2015-12-09T05:42:00Z" finished-at="2015-12-09T05:42:16Z">
    <groups>
      <group name="Registration">
        <method signature="Register.newregistration()[pri:0, instance:TestCase.Register@27f674d]" name="newregistration" class="TestCase.Register"/>
      </group> <!-- Registration -->
    </groups>
    <test name="Default test" duration-ms="15902" started-at="2015-12-09T05:42:00Z" finished-at="2015-12-09T05:42:16Z">
      <class name="TestCase.Register">
        <test-method status="PASS" signature="setUp()[pri:0, instance:TestCase.Register@27f674d]" name="setUp" is-config="true" duration-ms="10052" started-at="2015-12-08T21:42:00Z" finished-at="2015-12-08T21:42:10Z">
          <reporter-output>
          </reporter-output>
        </test-method> <!-- setUp -->
        <test-method status="PASS" signature="newregistration()[pri:0, instance:TestCase.Register@27f674d]" name="newregistration" duration-ms="5432" started-at="2015-12-08T21:42:10Z" finished-at="2015-12-08T21:42:16Z">
          <reporter-output>
          </reporter-output>
        </test-method> <!-- newregistration -->
        <test-method status="PASS" signature="tearDown()[pri:0, instance:TestCase.Register@27f674d]" name="tearDown" is-config="true" duration-ms="403" started-at="2015-12-08T21:42:16Z" finished-at="2015-12-08T21:42:16Z">
          <reporter-output>
          </reporter-output>
        </test-method> <!-- tearDown -->
      </class> <!-- TestCase.Register -->
    </test> <!-- Default test -->
  </suite> <!-- Default suite -->
</testng-results>
